<?xml version="1.0" encoding="UTF-8"?>
<!-- Generated by org.testng.reporters.JUnitReportReporter -->
<testsuite hostname="LAPTOP-3NK2LEMP" failures="0" tests="1" name="com.inetBanking.testCases.TC_LoginTest_001" time="9.205" errors="0" timestamp="2022-10-19T16:29:02 IST" skipped="0">
  <testcase classname="com.inetBanking.testCases.TC_LoginTest_001" name="loginTest" time="9.205"/>
  <system-out/>
</testsuite> <!-- com.inetBanking.testCases.TC_LoginTest_001 -->
